EXPLAIN ANALYZE OF THE QUERY FOR LESSONS GIVEN BY THE INSTRUCTORS

 Sort  (cost=12.48..12.49 rows=1 width=1092) (actual time=0.339..0.342 rows=5 loops=1)
   Sort Key: (count(*)) DESC
   Sort Method: quicksort  Memory: 25kB
   InitPlan 2 (returns $1)
     ->  Result  (cost=0.00..0.01 rows=1 width=32) (actual time=0.009..0.009 rows=1 loops=1)
   ->  GroupAggregate  (cost=12.43..12.46 rows=1 width=1092) (actual time=0.310..0.319 rows=5 loops=1)
         Group Key: i.first_name, i.last_name, i.person_number
         Filter: (count(*) > 0)
         ->  Sort  (cost=12.43..12.43 rows=1 width=1084) (actual time=0.295..0.297 rows=6 loops=1)
               Sort Key: i.first_name, i.last_name, i.person_number
               Sort Method: quicksort  Memory: 25kB
               ->  Nested Loop  (cost=0.14..12.42 rows=1 width=1084) (actual time=0.153..0.269 rows=6 loops=1)
                     ->  Seq Scan on booking b  (cost=0.00..3.50 rows=1 width=4) (actual time=0.084..0.185 rows=6 loops=1)
                           Filter: ((SubPlan 1) = $1)
                           Rows Removed by Filter: 94
                           SubPlan 1
                             ->  Result  (cost=0.00..0.01 rows=1 width=32) (actual time=0.000..0.001 rows=1 loops=100)
                     ->  Index Scan using pk_instructor on instructor i  (cost=0.14..8.15 rows=1 width=1088) (actual time=0.013..0.013 rows=1 loops=6)
                           Index Cond: (instructor_id = b.instructor_id)
 Planning Time: 0.497 ms
 Execution Time: 0.438 ms
(21 rows)